# JRE version: Java(TM) SE Runtime Environment (8.0_111-b14) (build 1.8.0_111-b14)
# Java VM: Java HotSpot(TM) 64-Bit Server VM (25.111-b14 mixed mode linux-amd64 compressed oops)
Heap:
 PSYoungGen      total 117248K, used 30435K [0x00000000ebe00000, 0x00000000f6080000, 0x0000000100000000)
  eden space 88064K, 6% used [0x00000000ebe00000,0x00000000ec393360,0x00000000f1400000)
  from space 29184K, 84% used [0x00000000f1400000,0x00000000f2c25978,0x00000000f3080000)
  to   space 31744K, 0% used [0x00000000f4180000,0x00000000f4180000,0x00000000f6080000)
 ParOldGen       total 38912K, used 24297K [0x00000000c3a00000, 0x00000000c6000000, 0x00000000ebe00000)
  object space 38912K, 62% used [0x00000000c3a00000,0x00000000c51ba480,0x00000000c6000000)
 Metaspace       used 25074K, capacity 26590K, committed 26752K, reserved 1073152K
  class space    used 3393K, capacity 3702K, committed 3712K, reserved 1048576K
GC Heap History (10 events):
Event: 28.491 GC heap before
{Heap before GC invocations=12 (full 1):
 PSYoungGen      total 88576K, used 83477K [0x00000000ebe00000, 0x00000000f2d80000, 0x0000000100000000)
  eden space 67584K, 100% used [0x00000000ebe00000,0x00000000f0000000,0x00000000f0000000)
  from space 20992K, 75% used [0x00000000f1580000,0x00000000f2505778,0x00000000f2a00000)
  to   space 22016K, 0% used [0x00000000f0000000,0x00000000f0000000,0x00000000f1580000)
 ParOldGen       total 38912K, used 24257K [0x00000000c3a00000, 0x00000000c6000000, 0x00000000ebe00000)
  object space 38912K, 62% used [0x00000000c3a00000,0x00000000c51b0480,0x00000000c6000000)
 Metaspace       used 24675K, capacity 26178K, committed 26240K, reserved 1071104K
  class space    used 3386K, capacity 3698K, committed 3712K, reserved 1048576K
Event: 28.504 GC heap after
Heap after GC invocations=12 (full 1):
 PSYoungGen      total 89600K, used 18301K [0x00000000ebe00000, 0x00000000f3980000, 0x0000000100000000)
  eden space 67584K, 0% used [0x00000000ebe00000,0x00000000ebe00000,0x00000000f0000000)
  from space 22016K, 83% used [0x00000000f0000000,0x00000000f11df7f8,0x00000000f1580000)
  to   space 24064K, 0% used [0x00000000f2200000,0x00000000f2200000,0x00000000f3980000)
 ParOldGen       total 38912K, used 24265K [0x00000000c3a00000, 0x00000000c6000000, 0x00000000ebe00000)
  object space 38912K, 62% used [0x00000000c3a00000,0x00000000c51b2480,0x00000000c6000000)
 Metaspace       used 24675K, capacity 26178K, committed 26240K, reserved 1071104K
  class space    used 3386K, capacity 3698K, committed 3712K, reserved 1048576K
}
Event: 32.766 GC heap before
{Heap before GC invocations=13 (full 1):
 PSYoungGen      total 89600K, used 85885K [0x00000000ebe00000, 0x00000000f3980000, 0x0000000100000000)
  eden space 67584K, 100% used [0x00000000ebe00000,0x00000000f0000000,0x00000000f0000000)
  from space 22016K, 83% used [0x00000000f0000000,0x00000000f11df7f8,0x00000000f1580000)
  to   space 24064K, 0% used [0x00000000f2200000,0x00000000f2200000,0x00000000f3980000)
 ParOldGen       total 38912K, used 24265K [0x00000000c3a00000, 0x00000000c6000000, 0x00000000ebe00000)
  object space 38912K, 62% used [0x00000000c3a00000,0x00000000c51b2480,0x00000000c6000000)
 Metaspace       used 24874K, capacity 26458K, committed 26752K, reserved 1073152K
  class space    used 3389K, capacity 3702K, committed 3712K, reserved 1048576K
Event: 32.855 GC heap after
Heap after GC invocations=13 (full 1):
 PSYoungGen      total 100864K, used 18815K [0x00000000ebe00000, 0x00000000f3f00000, 0x0000000100000000)
  eden space 76800K, 0% used [0x00000000ebe00000,0x00000000ebe00000,0x00000000f0900000)
  from space 24064K, 78% used [0x00000000f2200000,0x00000000f345fc08,0x00000000f3980000)
  to   space 25600K, 0% used [0x00000000f0900000,0x00000000f0900000,0x00000000f2200000)
 ParOldGen       total 38912K, used 24273K [0x00000000c3a00000, 0x00000000c6000000, 0x00000000ebe00000)
  object space 38912K, 62% used [0x00000000c3a00000,0x00000000c51b4480,0x00000000c6000000)
 Metaspace       used 24874K, capacity 26458K, committed 26752K, reserved 1073152K
  class space    used 3389K, capacity 3702K, committed 3712K, reserved 1048576K
}
Event: 37.788 GC heap before
{Heap before GC invocations=14 (full 1):
 PSYoungGen      total 100864K, used 95615K [0x00000000ebe00000, 0x00000000f3f00000, 0x0000000100000000)
  eden space 76800K, 100% used [0x00000000ebe00000,0x00000000f0900000,0x00000000f0900000)
  from space 24064K, 78% used [0x00000000f2200000,0x00000000f345fc08,0x00000000f3980000)
  to   space 25600K, 0% used [0x00000000f0900000,0x00000000f0900000,0x00000000f2200000)
 ParOldGen       total 38912K, used 24273K [0x00000000c3a00000, 0x00000000c6000000, 0x00000000ebe00000)
  object space 38912K, 62% used [0x00000000c3a00000,0x00000000c51b4480,0x00000000c6000000)
 Metaspace       used 25005K, capacity 26526K, committed 26752K, reserved 1073152K
  class space    used 3390K, capacity 3702K, committed 3712K, reserved 1048576K
Event: 37.802 GC heap after
Heap after GC invocations=14 (full 1):
 PSYoungGen      total 102400K, used 21096K [0x00000000ebe00000, 0x00000000f4b80000, 0x0000000100000000)
  eden space 76800K, 0% used [0x00000000ebe00000,0x00000000ebe00000,0x00000000f0900000)
  from space 25600K, 82% used [0x00000000f0900000,0x00000000f1d9a098,0x00000000f2200000)
  to   space 27648K, 0% used [0x00000000f3080000,0x00000000f3080000,0x00000000f4b80000)
 ParOldGen       total 38912K, used 24281K [0x00000000c3a00000, 0x00000000c6000000, 0x00000000ebe00000)
  object space 38912K, 62% used [0x00000000c3a00000,0x00000000c51b6480,0x00000000c6000000)
 Metaspace       used 25005K, capacity 26526K, committed 26752K, reserved 1073152K
  class space    used 3390K, capacity 3702K, committed 3712K, reserved 1048576K
}
Event: 42.939 GC heap before
{Heap before GC invocations=15 (full 1):
 PSYoungGen      total 102400K, used 97896K [0x00000000ebe00000, 0x00000000f4b80000, 0x0000000100000000)
  eden space 76800K, 100% used [0x00000000ebe00000,0x00000000f0900000,0x00000000f0900000)
  from space 25600K, 82% used [0x00000000f0900000,0x00000000f1d9a098,0x00000000f2200000)
  to   space 27648K, 0% used [0x00000000f3080000,0x00000000f3080000,0x00000000f4b80000)
 ParOldGen       total 38912K, used 24281K [0x00000000c3a00000, 0x00000000c6000000, 0x00000000ebe00000)
  object space 38912K, 62% used [0x00000000c3a00000,0x00000000c51b6480,0x00000000c6000000)
 Metaspace       used 25053K, capacity 26590K, committed 26752K, reserved 1073152K
  class space    used 3390K, capacity 3702K, committed 3712K, reserved 1048576K
Event: 43.029 GC heap after
Heap after GC invocations=15 (full 1):
 PSYoungGen      total 115712K, used 21931K [0x00000000ebe00000, 0x00000000f5080000, 0x0000000100000000)
  eden space 88064K, 0% used [0x00000000ebe00000,0x00000000ebe00000,0x00000000f1400000)
  from space 27648K, 79% used [0x00000000f3080000,0x00000000f45eacc8,0x00000000f4b80000)
  to   space 29184K, 0% used [0x00000000f1400000,0x00000000f1400000,0x00000000f3080000)
 ParOldGen       total 38912K, used 24289K [0x00000000c3a00000, 0x00000000c6000000, 0x00000000ebe00000)
  object space 38912K, 62% used [0x00000000c3a00000,0x00000000c51b8480,0x00000000c6000000)
 Metaspace       used 25053K, capacity 26590K, committed 26752K, reserved 1073152K
  class space    used 3390K, capacity 3702K, committed 3712K, reserved 1048576K
}
Event: 48.897 GC heap before
{Heap before GC invocations=16 (full 1):
 PSYoungGen      total 115712K, used 109972K [0x00000000ebe00000, 0x00000000f5080000, 0x0000000100000000)
  eden space 88064K, 99% used [0x00000000ebe00000,0x00000000f13fa388,0x00000000f1400000)
  from space 27648K, 79% used [0x00000000f3080000,0x00000000f45eacc8,0x00000000f4b80000)
  to   space 29184K, 0% used [0x00000000f1400000,0x00000000f1400000,0x00000000f3080000)
 ParOldGen       total 38912K, used 24289K [0x00000000c3a00000, 0x00000000c6000000, 0x00000000ebe00000)
  object space 38912K, 62% used [0x00000000c3a00000,0x00000000c51b8480,0x00000000c6000000)
 Metaspace       used 25060K, capacity 26590K, committed 26752K, reserved 1073152K
  class space    used 3390K, capacity 3702K, committed 3712K, reserved 1048576K
Event: 48.912 GC heap after
Heap after GC invocations=16 (full 1):
 PSYoungGen      total 117248K, used 24726K [0x00000000ebe00000, 0x00000000f6080000, 0x0000000100000000)
  eden space 88064K, 0% used [0x00000000ebe00000,0x00000000ebe00000,0x00000000f1400000)
  from space 29184K, 84% used [0x00000000f1400000,0x00000000f2c25978,0x00000000f3080000)
  to   space 31744K, 0% used [0x00000000f4180000,0x00000000f4180000,0x00000000f6080000)
 ParOldGen       total 38912K, used 24297K [0x00000000c3a00000, 0x00000000c6000000, 0x00000000ebe00000)
  object space 38912K, 62% used [0x00000000c3a00000,0x00000000c51ba480,0x00000000c6000000)
 Metaspace       used 25060K, capacity 26590K, committed 26752K, reserved 1073152K
  class space    used 3390K, capacity 3702K, committed 3712K, reserved 1048576K
}

